<?xml version="1.0" encoding="UTF-8"?>
<!-- Generated by org.testng.reporters.JUnitReportReporter -->
<testsuite skipped="1" hostname="XIPL0505" name="Academy.ValidateNavigationBar" tests="2" failures="0" timestamp="09 Feb 2021 09:53:08 GMT" time="603.922" errors="1">
  <testcase name="initialize" time="603.922" classname="Academy.ValidateNavigationBar">
    <error type="org.openqa.selenium.SessionNotCreatedException" message="session not created
from timeout: Timed out receiving message from renderer: 600.000
  (Session info: chrome=87.0.4280.141)
Build info: version: &#039;3.141.59&#039;, revision: &#039;e82be7d358&#039;, time: &#039;2018-11-14T08:17:03&#039;
System info: host: &#039;XIPL0505&#039;, ip: &#039;172.27.252.245&#039;, os.name: &#039;Windows 10&#039;, os.arch: &#039;amd64&#039;, os.version: &#039;10.0&#039;, java.version: &#039;1.8.0_221&#039;
Driver info: driver.version: ChromeDriver
remote stacktrace: Backtrace:
	Ordinal0 [0x0151C0C3+3326147]
	Ordinal0 [0x01400851+2164817]
	Ordinal0 [0x01287298+619160]
	Ordinal0 [0x0127B17F+569727]
	Ordinal0 [0x0127A421+566305]
	Ordinal0 [0x0127A815+567317]
	Ordinal0 [0x0127A135+565557]
	Ordinal0 [0x012838B1+604337]
	Ordinal0 [0x0127A0F1+565489]
	Ordinal0 [0x0127AEA2+568994]
	Ordinal0 [0x0127A421+566305]
	Ordinal0 [0x0127A815+567317]
	Ordinal0 [0x0127A135+565557]
	Ordinal0 [0x01281D2C+597292]
	Ordinal0 [0x0127A0F1+565489]
	Ordinal0 [0x0127AEA2+568994]
	Ordinal0 [0x0127A421+566305]
	Ordinal0 [0x0127A815+567317]
	Ordinal0 [0x0127A135+565557]
	Ordinal0 [0x0127FE62+589410]
	Ordinal0 [0x0127A0F1+565489]
	Ordinal0 [0x0127AEA2+568994]
	Ordinal0 [0x0127A421+566305]
	Ordinal0 [0x0127A815+567317]
	Ordinal0 [0x0127A135+565557]
	Ordinal0 [0x0127F075+585845]
	Ordinal0 [0x0127A0F1+565489]
	Ordinal0 [0x0127AEA2+568994]
	Ordinal0 [0x0127A421+566305]
	Ordinal0 [0x0127A815+567317]
	Ordinal0 [0x0127A135+565557]
	Ordinal0 [0x01276776+550774]
	Ordinal0 [0x0127A0F1+565489]
	Ordinal0 [0x01279F13+565011]
	Ordinal0 [0x01279D07+564487]
	Ordinal0 [0x012882C0+623296]
	Ordinal0 [0x01226BDD+224221]
	Ordinal0 [0x01225CAC+220332]
	Ordinal0 [0x0122189B+202907]
	Ordinal0 [0x01203DF4+81396]
	Ordinal0 [0x01204DEE+85486]
	Ordinal0 [0x01204D79+85369]
	Ordinal0 [0x014185DC+2262492]
	GetHandleVerifier [0x016A2874+1487204]
	GetHandleVerifier [0x016A23CD+1486013]
	GetHandleVerifier [0x016AA368+1518680]
	GetHandleVerifier [0x016A2F4E+1488958]
	Ordinal0 [0x0140ED0D+2223373]
	Ordinal0 [0x0141A12B+2269483]
	Ordinal0 [0x0141A26F+2269807]
	Ordinal0 [0x0142ECB8+2354360]
	BaseThreadInitThunk [0x77B10419+25]
	RtlGetAppContainerNamedObjectPath [0x77CD74ED+237]
	RtlGetAppContainerNamedObjectPath [0x77CD74BD+189]
">
      <![CDATA[org.openqa.selenium.SessionNotCreatedException: session not created
from timeout: Timed out receiving message from renderer: 600.000
  (Session info: chrome=87.0.4280.141)
Build info: version: '3.141.59', revision: 'e82be7d358', time: '2018-11-14T08:17:03'
System info: host: 'XIPL0505', ip: '172.27.252.245', os.name: 'Windows 10', os.arch: 'amd64', os.version: '10.0', java.version: '1.8.0_221'
Driver info: driver.version: ChromeDriver
remote stacktrace: Backtrace:
Ordinal0 [0x0151C0C3+3326147]
Ordinal0 [0x01400851+2164817]
Ordinal0 [0x01287298+619160]
Ordinal0 [0x0127B17F+569727]
Ordinal0 [0x0127A421+566305]
Ordinal0 [0x0127A815+567317]
Ordinal0 [0x0127A135+565557]
Ordinal0 [0x012838B1+604337]
Ordinal0 [0x0127A0F1+565489]
Ordinal0 [0x0127AEA2+568994]
Ordinal0 [0x0127A421+566305]
Ordinal0 [0x0127A815+567317]
Ordinal0 [0x0127A135+565557]
Ordinal0 [0x01281D2C+597292]
Ordinal0 [0x0127A0F1+565489]
Ordinal0 [0x0127AEA2+568994]
Ordinal0 [0x0127A421+566305]
Ordinal0 [0x0127A815+567317]
Ordinal0 [0x0127A135+565557]
Ordinal0 [0x0127FE62+589410]
Ordinal0 [0x0127A0F1+565489]
Ordinal0 [0x0127AEA2+568994]
Ordinal0 [0x0127A421+566305]
Ordinal0 [0x0127A815+567317]
Ordinal0 [0x0127A135+565557]
Ordinal0 [0x0127F075+585845]
Ordinal0 [0x0127A0F1+565489]
Ordinal0 [0x0127AEA2+568994]
Ordinal0 [0x0127A421+566305]
Ordinal0 [0x0127A815+567317]
Ordinal0 [0x0127A135+565557]
Ordinal0 [0x01276776+550774]
Ordinal0 [0x0127A0F1+565489]
Ordinal0 [0x01279F13+565011]
Ordinal0 [0x01279D07+564487]
Ordinal0 [0x012882C0+623296]
Ordinal0 [0x01226BDD+224221]
Ordinal0 [0x01225CAC+220332]
Ordinal0 [0x0122189B+202907]
Ordinal0 [0x01203DF4+81396]
Ordinal0 [0x01204DEE+85486]
Ordinal0 [0x01204D79+85369]
Ordinal0 [0x014185DC+2262492]
GetHandleVerifier [0x016A2874+1487204]
GetHandleVerifier [0x016A23CD+1486013]
GetHandleVerifier [0x016AA368+1518680]
GetHandleVerifier [0x016A2F4E+1488958]
Ordinal0 [0x0140ED0D+2223373]
Ordinal0 [0x0141A12B+2269483]
Ordinal0 [0x0141A26F+2269807]
Ordinal0 [0x0142ECB8+2354360]
BaseThreadInitThunk [0x77B10419+25]
RtlGetAppContainerNamedObjectPath [0x77CD74ED+237]
RtlGetAppContainerNamedObjectPath [0x77CD74BD+189]

at sun.reflect.NativeConstructorAccessorImpl.newInstance0(Native Method)
at sun.reflect.NativeConstructorAccessorImpl.newInstance(NativeConstructorAccessorImpl.java:62)
at sun.reflect.DelegatingConstructorAccessorImpl.newInstance(DelegatingConstructorAccessorImpl.java:45)
at java.lang.reflect.Constructor.newInstance(Constructor.java:423)
at org.openqa.selenium.remote.W3CHandshakeResponse.lambda$errorHandler$0(W3CHandshakeResponse.java:62)
at org.openqa.selenium.remote.HandshakeResponse.lambda$getResponseFunction$0(HandshakeResponse.java:30)
at org.openqa.selenium.remote.ProtocolHandshake.lambda$createSession$0(ProtocolHandshake.java:126)
at java.util.stream.ReferencePipeline$3$1.accept(ReferencePipeline.java:193)
at java.util.Spliterators$ArraySpliterator.tryAdvance(Spliterators.java:958)
at java.util.stream.ReferencePipeline.forEachWithCancel(ReferencePipeline.java:126)
at java.util.stream.AbstractPipeline.copyIntoWithCancel(AbstractPipeline.java:499)
at java.util.stream.AbstractPipeline.copyInto(AbstractPipeline.java:486)
at java.util.stream.AbstractPipeline.wrapAndCopyInto(AbstractPipeline.java:472)
at java.util.stream.FindOps$FindOp.evaluateSequential(FindOps.java:152)
at java.util.stream.AbstractPipeline.evaluate(AbstractPipeline.java:234)
at java.util.stream.ReferencePipeline.findFirst(ReferencePipeline.java:464)
at org.openqa.selenium.remote.ProtocolHandshake.createSession(ProtocolHandshake.java:128)
at org.openqa.selenium.remote.ProtocolHandshake.createSession(ProtocolHandshake.java:74)
at org.openqa.selenium.remote.HttpCommandExecutor.execute(HttpCommandExecutor.java:136)
at org.openqa.selenium.remote.service.DriverCommandExecutor.execute(DriverCommandExecutor.java:83)
at org.openqa.selenium.remote.RemoteWebDriver.execute(RemoteWebDriver.java:552)
at org.openqa.selenium.remote.RemoteWebDriver.startSession(RemoteWebDriver.java:213)
at org.openqa.selenium.remote.RemoteWebDriver.<init>(RemoteWebDriver.java:131)
at org.openqa.selenium.chrome.ChromeDriver.<init>(ChromeDriver.java:181)
at org.openqa.selenium.chrome.ChromeDriver.<init>(ChromeDriver.java:168)
at org.openqa.selenium.chrome.ChromeDriver.<init>(ChromeDriver.java:123)
at resources.BaseClass.initializedriver(BaseClass.java:38)
at Academy.ValidateNavigationBar.initialize(ValidateNavigationBar.java:29)
at sun.reflect.NativeMethodAccessorImpl.invoke0(Native Method)
at sun.reflect.NativeMethodAccessorImpl.invoke(NativeMethodAccessorImpl.java:62)
at sun.reflect.DelegatingMethodAccessorImpl.invoke(DelegatingMethodAccessorImpl.java:43)
at java.lang.reflect.Method.invoke(Method.java:498)
at org.testng.internal.MethodInvocationHelper.invokeMethod(MethodInvocationHelper.java:124)
at org.testng.internal.MethodInvocationHelper.invokeMethodConsideringTimeout(MethodInvocationHelper.java:59)
at org.testng.internal.Invoker.invokeConfigurationMethod(Invoker.java:458)
at org.testng.internal.Invoker.invokeConfigurations(Invoker.java:222)
at org.testng.internal.Invoker.invokeConfigurations(Invoker.java:142)
at org.testng.TestRunner.beforeRun(TestRunner.java:529)
at org.testng.TestRunner.run(TestRunner.java:497)
at org.testng.SuiteRunner.runTest(SuiteRunner.java:455)
at org.testng.SuiteRunner.access$000(SuiteRunner.java:40)
at org.testng.SuiteRunner$SuiteWorker.run(SuiteRunner.java:489)
at org.testng.internal.thread.ThreadUtil$1.call(ThreadUtil.java:52)
at java.util.concurrent.FutureTask.run(FutureTask.java:266)
at java.util.concurrent.ThreadPoolExecutor.runWorker(ThreadPoolExecutor.java:1149)
at java.util.concurrent.ThreadPoolExecutor$Worker.run(ThreadPoolExecutor.java:624)
at java.lang.Thread.run(Thread.java:748)
]]>
    </error>
  </testcase> <!-- initialize -->
  <testcase name="baseNavigation" time="0.000" classname="Academy.ValidateNavigationBar">
    <skipped/>
  </testcase> <!-- baseNavigation -->
</testsuite> <!-- Academy.ValidateNavigationBar -->
